<?xml version="1.0" encoding="UTF-8"?>
<!-- Generated by org.testng.reporters.JUnitReportReporter -->
<testsuite hostname="LAPTOP-GIB01KJD" failures="0" tests="4" name="tests.PriorityTestNG" time="0.008" errors="0" timestamp="2022-02-19T11:50:38 IST" skipped="0">
  <testcase classname="tests.PriorityTestNG" name="Ta" time="0.002"/>
  <system-out/>
  <testcase classname="tests.PriorityTestNG" name="Tb" time="0.002"/>
  <system-out/>
  <testcase classname="tests.PriorityTestNG" name="TE" time="0.003"/>
  <system-out/>
  <testcase classname="tests.PriorityTestNG" name="TD" time="0.001"/>
  <system-out/>
</testsuite> <!-- tests.PriorityTestNG -->
