<?xml version="1.0" encoding="UTF-8"?>
<!-- Generated by org.testng.reporters.JUnitReportReporter -->
<testsuite hostname="LAPTOP-GIB01KJD" failures="0" tests="4" name="tests.GroupingTestNG" time="0.009" errors="0" timestamp="2022-02-19T11:50:38 IST" skipped="0">
  <testcase classname="tests.GroupingTestNG" name="TC1" time="0.005"/>
  <system-out/>
  <testcase classname="tests.GroupingTestNG" name="TC4" time="0.001"/>
  <system-out/>
  <testcase classname="tests.GroupingTestNG" name="TC2" time="0.001"/>
  <system-out/>
  <testcase classname="tests.GroupingTestNG" name="TC3" time="0.002"/>
  <system-out/>
</testsuite> <!-- tests.GroupingTestNG -->
